[0.626s] DEBUG:colcon:Command line arguments: ['/usr/bin/colcon', 'build']
[0.627s] DEBUG:colcon:Parsed command line arguments: Namespace(log_base=None, log_level=None, verb_name='build', build_base='build', install_base='install', merge_install=False, symlink_install=False, test_result_base=None, continue_on_error=False, executor='parallel', parallel_workers=8, event_handlers=None, ignore_user_meta=False, metas=['./colcon.meta'], base_paths=['.'], packages_ignore=None, packages_ignore_regex=None, paths=None, packages_up_to=None, packages_up_to_regex=None, packages_above=None, packages_above_and_dependencies=None, packages_above_depth=None, packages_select_by_dep=None, packages_skip_by_dep=None, packages_skip_up_to=None, packages_select_build_failed=False, packages_skip_build_finished=False, packages_select_test_failures=False, packages_skip_test_passed=False, packages_select=None, packages_skip=None, packages_select_regex=None, packages_skip_regex=None, packages_start=None, packages_end=None, lookup_in_workspace=False, cargo_args=None, clean_build=False, cmake_args=None, cmake_target=None, cmake_target_skip_unavailable=False, cmake_clean_cache=False, cmake_clean_first=False, cmake_force_configure=False, ament_cmake_args=None, catkin_cmake_args=None, catkin_skip_building_tests=False, mixin_files=None, mixin=None, verb_parser=<colcon_mixin.mixin.mixin_argument.MixinArgumentDecorator object at 0x7f3bad0179a0>, verb_extension=<colcon_core.verb.build.BuildVerb object at 0x7f3bad78f640>, main=<bound method BuildVerb.main of <colcon_core.verb.build.BuildVerb object at 0x7f3bad78f640>>, mixin_verb=('build',))
[0.672s] Level 1:colcon.colcon_core.package_discovery:discover_packages(colcon_meta) check parameters
[0.672s] Level 1:colcon.colcon_core.package_discovery:discover_packages(recursive) check parameters
[0.672s] Level 1:colcon.colcon_core.package_discovery:discover_packages(ignore) check parameters
[0.672s] Level 1:colcon.colcon_core.package_discovery:discover_packages(path) check parameters
[0.672s] Level 1:colcon.colcon_core.package_discovery:discover_packages(colcon_meta) discover
[0.672s] Level 1:colcon.colcon_core.package_discovery:discover_packages(recursive) discover
[0.672s] INFO:colcon.colcon_core.package_discovery:Crawling recursively for packages in '/home/user/ros2_ws/src/robot_patrol'
[0.672s] Level 1:colcon.colcon_core.package_identification:_identify(.) by extensions ['ignore', 'ignore_ament_install']
[0.672s] Level 1:colcon.colcon_core.package_identification:_identify(.) by extension 'ignore'
[0.672s] Level 1:colcon.colcon_core.package_identification:_identify(.) by extension 'ignore_ament_install'
[0.672s] Level 1:colcon.colcon_core.package_identification:_identify(.) by extensions ['colcon_pkg']
[0.672s] Level 1:colcon.colcon_core.package_identification:_identify(.) by extension 'colcon_pkg'
[0.672s] Level 1:colcon.colcon_core.package_identification:_identify(.) by extensions ['colcon_meta']
[0.672s] Level 1:colcon.colcon_core.package_identification:_identify(.) by extension 'colcon_meta'
[0.672s] Level 1:colcon.colcon_core.package_identification:_identify(.) by extensions ['ament_cargo']
[0.672s] Level 1:colcon.colcon_core.package_identification:_identify(.) by extension 'ament_cargo'
[0.672s] Level 1:colcon.colcon_core.package_identification:_identify(.) by extensions ['ros']
[0.672s] Level 1:colcon.colcon_core.package_identification:_identify(.) by extension 'ros'
[0.693s] DEBUG:colcon.colcon_core.package_identification:Package '.' with type 'ros.ament_cmake' and name 'robot_patrol'
[0.693s] Level 1:colcon.colcon_core.package_discovery:discover_packages(recursive) using defaults
[0.694s] Level 1:colcon.colcon_core.package_discovery:discover_packages(ignore) discover
[0.694s] Level 1:colcon.colcon_core.package_discovery:discover_packages(ignore) using defaults
[0.694s] Level 1:colcon.colcon_core.package_discovery:discover_packages(path) discover
[0.694s] Level 1:colcon.colcon_core.package_discovery:discover_packages(path) using defaults
[0.729s] Level 5:colcon.colcon_core.verb:set package 'robot_patrol' build argument 'lookup_in_workspace' from command line to 'False'
[0.729s] Level 5:colcon.colcon_core.verb:set package 'robot_patrol' build argument 'cargo_args' from command line to 'None'
[0.729s] Level 5:colcon.colcon_core.verb:set package 'robot_patrol' build argument 'clean_build' from command line to 'False'
[0.729s] Level 5:colcon.colcon_core.verb:set package 'robot_patrol' build argument 'cmake_args' from command line to 'None'
[0.729s] Level 5:colcon.colcon_core.verb:set package 'robot_patrol' build argument 'cmake_target' from command line to 'None'
[0.729s] Level 5:colcon.colcon_core.verb:set package 'robot_patrol' build argument 'cmake_target_skip_unavailable' from command line to 'False'
[0.729s] Level 5:colcon.colcon_core.verb:set package 'robot_patrol' build argument 'cmake_clean_cache' from command line to 'False'
[0.729s] Level 5:colcon.colcon_core.verb:set package 'robot_patrol' build argument 'cmake_clean_first' from command line to 'False'
[0.729s] Level 5:colcon.colcon_core.verb:set package 'robot_patrol' build argument 'cmake_force_configure' from command line to 'False'
[0.729s] Level 5:colcon.colcon_core.verb:set package 'robot_patrol' build argument 'ament_cmake_args' from command line to 'None'
[0.729s] Level 5:colcon.colcon_core.verb:set package 'robot_patrol' build argument 'catkin_cmake_args' from command line to 'None'
[0.729s] Level 5:colcon.colcon_core.verb:set package 'robot_patrol' build argument 'catkin_skip_building_tests' from command line to 'False'
[0.729s] DEBUG:colcon.colcon_core.verb:Building package 'robot_patrol' with the following arguments: {'ament_cmake_args': None, 'build_base': '/home/user/ros2_ws/src/robot_patrol/build/robot_patrol', 'cargo_args': None, 'catkin_cmake_args': None, 'catkin_skip_building_tests': False, 'clean_build': False, 'cmake_args': None, 'cmake_clean_cache': False, 'cmake_clean_first': False, 'cmake_force_configure': False, 'cmake_target': None, 'cmake_target_skip_unavailable': False, 'install_base': '/home/user/ros2_ws/src/robot_patrol/install/robot_patrol', 'lookup_in_workspace': False, 'merge_install': False, 'path': '/home/user/ros2_ws/src/robot_patrol', 'symlink_install': False, 'test_result_base': None}
[0.730s] INFO:colcon.colcon_core.executor:Executing jobs using 'parallel' executor
[0.734s] DEBUG:colcon.colcon_parallel_executor.executor.parallel:run_until_complete
[0.734s] INFO:colcon.colcon_ros.task.ament_cmake.build:Building ROS package in '/home/user/ros2_ws/src/robot_patrol' with build type 'ament_cmake'
[0.734s] INFO:colcon.colcon_cmake.task.cmake.build:Building CMake package in '/home/user/ros2_ws/src/robot_patrol'
[0.739s] INFO:colcon.colcon_core.plugin_system:Skipping extension 'colcon_core.shell.bat': Not used on non-Windows systems
[0.739s] INFO:colcon.colcon_core.shell:Skip shell extension 'powershell' for command environment: Not usable outside of PowerShell
[0.739s] DEBUG:colcon.colcon_core.shell:Skip shell extension 'dsv' for command environment
[0.784s] DEBUG:colcon.colcon_core.event_handler.log_command:Invoking command in '/home/user/ros2_ws/src/robot_patrol/build/robot_patrol': CMAKE_PREFIX_PATH=${CMAKE_PREFIX_PATH}:/home/simulations/ros2_sims_ws/install/rclrs_tests:/home/simulations/ros2_sims_ws/install/examples_rclrs_minimal_client_service:/home/simulations/ros2_sims_ws/install/sensor_msgs_py:/home/simulations/ros2_sims_ws/install/examples_rclrs_minimal_pub_sub:/home/simulations/ros2_sims_ws/install/examples_rclrs_message_demo:/home/simulations/ros2_sims_ws/install/rclrs:/home/simulations/ros2_sims_ws/install/rosidl_runtime_rs:/opt/ros/humble _=/usr/bin/env /usr/bin/cmake --build /home/user/ros2_ws/src/robot_patrol/build/robot_patrol -- -j8 -l8
[13.312s] DEBUG:colcon.colcon_core.event_handler.log_command:Invoked command in '/home/user/ros2_ws/src/robot_patrol/build/robot_patrol' returned '0': CMAKE_PREFIX_PATH=${CMAKE_PREFIX_PATH}:/home/simulations/ros2_sims_ws/install/rclrs_tests:/home/simulations/ros2_sims_ws/install/examples_rclrs_minimal_client_service:/home/simulations/ros2_sims_ws/install/sensor_msgs_py:/home/simulations/ros2_sims_ws/install/examples_rclrs_minimal_pub_sub:/home/simulations/ros2_sims_ws/install/examples_rclrs_message_demo:/home/simulations/ros2_sims_ws/install/rclrs:/home/simulations/ros2_sims_ws/install/rosidl_runtime_rs:/opt/ros/humble _=/usr/bin/env /usr/bin/cmake --build /home/user/ros2_ws/src/robot_patrol/build/robot_patrol -- -j8 -l8
[13.429s] DEBUG:colcon.colcon_core.event_handler.log_command:Invoking command in '/home/user/ros2_ws/src/robot_patrol/build/robot_patrol': CMAKE_PREFIX_PATH=${CMAKE_PREFIX_PATH}:/home/simulations/ros2_sims_ws/install/rclrs_tests:/home/simulations/ros2_sims_ws/install/examples_rclrs_minimal_client_service:/home/simulations/ros2_sims_ws/install/sensor_msgs_py:/home/simulations/ros2_sims_ws/install/examples_rclrs_minimal_pub_sub:/home/simulations/ros2_sims_ws/install/examples_rclrs_message_demo:/home/simulations/ros2_sims_ws/install/rclrs:/home/simulations/ros2_sims_ws/install/rosidl_runtime_rs:/opt/ros/humble _=/usr/bin/env /usr/bin/cmake --install /home/user/ros2_ws/src/robot_patrol/build/robot_patrol
[13.451s] Level 1:colcon.colcon_core.environment:create_environment_scripts_only(robot_patrol)
[13.453s] DEBUG:colcon.colcon_core.event_handler.log_command:Invoked command in '/home/user/ros2_ws/src/robot_patrol/build/robot_patrol' returned '0': CMAKE_PREFIX_PATH=${CMAKE_PREFIX_PATH}:/home/simulations/ros2_sims_ws/install/rclrs_tests:/home/simulations/ros2_sims_ws/install/examples_rclrs_minimal_client_service:/home/simulations/ros2_sims_ws/install/sensor_msgs_py:/home/simulations/ros2_sims_ws/install/examples_rclrs_minimal_pub_sub:/home/simulations/ros2_sims_ws/install/examples_rclrs_message_demo:/home/simulations/ros2_sims_ws/install/rclrs:/home/simulations/ros2_sims_ws/install/rosidl_runtime_rs:/opt/ros/humble _=/usr/bin/env /usr/bin/cmake --install /home/user/ros2_ws/src/robot_patrol/build/robot_patrol
[13.461s] Level 1:colcon.colcon_core.environment:checking '/home/user/ros2_ws/src/robot_patrol/install/robot_patrol' for CMake module files
[13.462s] Level 1:colcon.colcon_core.environment:checking '/home/user/ros2_ws/src/robot_patrol/install/robot_patrol' for CMake config files
[13.462s] Level 1:colcon.colcon_core.shell:create_environment_hook('robot_patrol', 'cmake_prefix_path')
[13.464s] INFO:colcon.colcon_core.shell:Creating environment hook '/home/user/ros2_ws/src/robot_patrol/install/robot_patrol/share/robot_patrol/hook/cmake_prefix_path.ps1'
[13.467s] INFO:colcon.colcon_core.shell:Creating environment descriptor '/home/user/ros2_ws/src/robot_patrol/install/robot_patrol/share/robot_patrol/hook/cmake_prefix_path.dsv'
[13.469s] INFO:colcon.colcon_core.shell:Creating environment hook '/home/user/ros2_ws/src/robot_patrol/install/robot_patrol/share/robot_patrol/hook/cmake_prefix_path.sh'
[13.471s] Level 1:colcon.colcon_core.environment:checking '/home/user/ros2_ws/src/robot_patrol/install/robot_patrol/lib'
[13.472s] Level 1:colcon.colcon_core.environment:checking '/home/user/ros2_ws/src/robot_patrol/install/robot_patrol/bin'
[13.473s] Level 1:colcon.colcon_core.environment:checking '/home/user/ros2_ws/src/robot_patrol/install/robot_patrol/lib/pkgconfig/robot_patrol.pc'
[13.477s] Level 1:colcon.colcon_core.environment:checking '/home/user/ros2_ws/src/robot_patrol/install/robot_patrol/lib/python3.10/site-packages'
[13.477s] Level 1:colcon.colcon_core.environment:checking '/home/user/ros2_ws/src/robot_patrol/install/robot_patrol/bin'
[13.479s] INFO:colcon.colcon_core.shell:Creating package script '/home/user/ros2_ws/src/robot_patrol/install/robot_patrol/share/robot_patrol/package.ps1'
[13.480s] INFO:colcon.colcon_core.shell:Creating package descriptor '/home/user/ros2_ws/src/robot_patrol/install/robot_patrol/share/robot_patrol/package.dsv'
[13.480s] INFO:colcon.colcon_core.shell:Creating package script '/home/user/ros2_ws/src/robot_patrol/install/robot_patrol/share/robot_patrol/package.sh'
[13.481s] INFO:colcon.colcon_core.shell:Creating package script '/home/user/ros2_ws/src/robot_patrol/install/robot_patrol/share/robot_patrol/package.bash'
[13.482s] INFO:colcon.colcon_core.shell:Creating package script '/home/user/ros2_ws/src/robot_patrol/install/robot_patrol/share/robot_patrol/package.zsh'
[13.483s] Level 1:colcon.colcon_core.environment:create_file_with_runtime_dependencies(/home/user/ros2_ws/src/robot_patrol/install/robot_patrol/share/colcon-core/packages/robot_patrol)
[13.574s] Level 1:colcon.colcon_core.environment:create_environment_scripts_only(robot_patrol)
[13.577s] Level 1:colcon.colcon_core.environment:checking '/home/user/ros2_ws/src/robot_patrol/install/robot_patrol' for CMake module files
[13.578s] Level 1:colcon.colcon_core.environment:checking '/home/user/ros2_ws/src/robot_patrol/install/robot_patrol' for CMake config files
[13.578s] Level 1:colcon.colcon_core.shell:create_environment_hook('robot_patrol', 'cmake_prefix_path')
[13.581s] INFO:colcon.colcon_core.shell:Creating environment hook '/home/user/ros2_ws/src/robot_patrol/install/robot_patrol/share/robot_patrol/hook/cmake_prefix_path.ps1'
[13.581s] INFO:colcon.colcon_core.shell:Creating environment descriptor '/home/user/ros2_ws/src/robot_patrol/install/robot_patrol/share/robot_patrol/hook/cmake_prefix_path.dsv'
[13.582s] INFO:colcon.colcon_core.shell:Creating environment hook '/home/user/ros2_ws/src/robot_patrol/install/robot_patrol/share/robot_patrol/hook/cmake_prefix_path.sh'
[13.583s] Level 1:colcon.colcon_core.environment:checking '/home/user/ros2_ws/src/robot_patrol/install/robot_patrol/lib'
[13.583s] Level 1:colcon.colcon_core.environment:checking '/home/user/ros2_ws/src/robot_patrol/install/robot_patrol/bin'
[13.583s] Level 1:colcon.colcon_core.environment:checking '/home/user/ros2_ws/src/robot_patrol/install/robot_patrol/lib/pkgconfig/robot_patrol.pc'
[13.584s] Level 1:colcon.colcon_core.environment:checking '/home/user/ros2_ws/src/robot_patrol/install/robot_patrol/lib/python3.10/site-packages'
[13.584s] Level 1:colcon.colcon_core.environment:checking '/home/user/ros2_ws/src/robot_patrol/install/robot_patrol/bin'
[13.586s] INFO:colcon.colcon_core.shell:Creating package script '/home/user/ros2_ws/src/robot_patrol/install/robot_patrol/share/robot_patrol/package.ps1'
[13.587s] INFO:colcon.colcon_core.shell:Creating package descriptor '/home/user/ros2_ws/src/robot_patrol/install/robot_patrol/share/robot_patrol/package.dsv'
[13.588s] INFO:colcon.colcon_core.shell:Creating package script '/home/user/ros2_ws/src/robot_patrol/install/robot_patrol/share/robot_patrol/package.sh'
[13.588s] INFO:colcon.colcon_core.shell:Creating package script '/home/user/ros2_ws/src/robot_patrol/install/robot_patrol/share/robot_patrol/package.bash'
[13.589s] INFO:colcon.colcon_core.shell:Creating package script '/home/user/ros2_ws/src/robot_patrol/install/robot_patrol/share/robot_patrol/package.zsh'
[13.589s] Level 1:colcon.colcon_core.environment:create_file_with_runtime_dependencies(/home/user/ros2_ws/src/robot_patrol/install/robot_patrol/share/colcon-core/packages/robot_patrol)
[13.590s] DEBUG:colcon.colcon_parallel_executor.executor.parallel:closing loop
[13.598s] DEBUG:colcon.colcon_parallel_executor.executor.parallel:loop closed
[13.598s] DEBUG:colcon.colcon_parallel_executor.executor.parallel:run_until_complete finished with '0'
[13.598s] DEBUG:colcon.colcon_core.event_reactor:joining thread
[13.607s] INFO:colcon.colcon_core.plugin_system:Skipping extension 'colcon_notification.desktop_notification.notify_send': Could not find 'notify-send'
[13.607s] INFO:colcon.colcon_core.plugin_system:Skipping extension 'colcon_notification.desktop_notification.terminal_notifier': Not used on non-Darwin systems
[13.607s] INFO:colcon.colcon_core.plugin_system:Skipping extension 'colcon_notification.desktop_notification.win32': Not used on non-Windows systems
[13.607s] INFO:colcon.colcon_notification.desktop_notification:Sending desktop notification using 'notify2'
[13.609s] DEBUG:colcon.colcon_notification.desktop_notification.notify2:Failed to initialize notify2: org.freedesktop.DBus.Error.Spawn.ExecFailed: /usr/bin/dbus-launch terminated abnormally without any error message
[13.609s] DEBUG:colcon.colcon_core.event_reactor:joined thread
[13.611s] INFO:colcon.colcon_core.shell:Creating prefix script '/home/user/ros2_ws/src/robot_patrol/install/local_setup.ps1'
[13.612s] INFO:colcon.colcon_core.shell:Creating prefix util module '/home/user/ros2_ws/src/robot_patrol/install/_local_setup_util_ps1.py'
[13.614s] INFO:colcon.colcon_core.shell:Creating prefix chain script '/home/user/ros2_ws/src/robot_patrol/install/setup.ps1'
[13.617s] INFO:colcon.colcon_core.shell:Creating prefix script '/home/user/ros2_ws/src/robot_patrol/install/local_setup.sh'
[13.617s] INFO:colcon.colcon_core.shell:Creating prefix util module '/home/user/ros2_ws/src/robot_patrol/install/_local_setup_util_sh.py'
[13.618s] INFO:colcon.colcon_core.shell:Creating prefix chain script '/home/user/ros2_ws/src/robot_patrol/install/setup.sh'
[13.620s] INFO:colcon.colcon_core.shell:Creating prefix script '/home/user/ros2_ws/src/robot_patrol/install/local_setup.bash'
[13.621s] INFO:colcon.colcon_core.shell:Creating prefix chain script '/home/user/ros2_ws/src/robot_patrol/install/setup.bash'
[13.624s] INFO:colcon.colcon_core.shell:Creating prefix script '/home/user/ros2_ws/src/robot_patrol/install/local_setup.zsh'
[13.624s] INFO:colcon.colcon_core.shell:Creating prefix chain script '/home/user/ros2_ws/src/robot_patrol/install/setup.zsh'
