-- The C compiler identification is GNU 11.3.0
-- The CXX compiler identification is GNU 11.3.0
-- Detecting C compiler ABI info
-- Detecting C compiler ABI info - done
-- Check for working C compiler: /usr/bin/cc - skipped
-- Detecting C compile features
-- Detecting C compile features - done
-- Detecting CXX compiler ABI info
-- Detecting CXX compiler ABI info - done
-- Check for working CXX compiler: /usr/bin/c++ - skipped
-- Detecting CXX compile features
-- Detecting CXX compile features - done
-- Found ament_cmake: 1.3.4 (/opt/ros/humble/share/ament_cmake/cmake)
-- Found Python3: /usr/bin/python3.10 (found version "3.10.6") found components: Interpreter 
-- Found rclcpp: 16.0.4 (/opt/ros/humble/share/rclcpp/cmake)
-- Found rosidl_generator_c: 3.1.4 (/opt/ros/humble/share/rosidl_generator_c/cmake)
-- Found rosidl_adapter: 3.1.4 (/opt/ros/humble/share/rosidl_adapter/cmake)
-- Found rosidl_generator_cpp: 3.1.4 (/opt/ros/humble/share/rosidl_generator_cpp/cmake)
-- Using all available rosidl_typesupport_c: rosidl_typesupport_fastrtps_c;rosidl_typesupport_introspection_c
-- Using all available rosidl_typesupport_cpp: rosidl_typesupport_fastrtps_cpp;rosidl_typesupport_introspection_cpp
-- Found rmw_implementation_cmake: 6.1.1 (/opt/ros/humble/share/rmw_implementation_cmake/cmake)
-- Found rmw_fastrtps_cpp: 6.2.2 (/opt/ros/humble/share/rmw_fastrtps_cpp/cmake)
-- Found OpenSSL: /usr/lib/x86_64-linux-gnu/libcrypto.so (found version "3.0.2")  
-- Found FastRTPS: /opt/ros/humble/include  
-- Using RMW implementation 'rmw_fastrtps_cpp' as default
-- Looking for pthread.h
-- Looking for pthread.h - found
-- Performing Test CMAKE_HAVE_LIBC_PTHREAD
-- Performing Test CMAKE_HAVE_LIBC_PTHREAD - Success
-- Found Threads: TRUE  
-- Found sensor_msgs: 4.2.3 (/home/simulations/ros2_sims_ws/install/sensor_msgs/share/sensor_msgs/cmake)
-- Found robot_patrol: 0.0.0 (/home/user/ros2_ws/install/robot_patrol/share/robot_patrol/cmake)
-- Found rosidl_default_generators: 1.2.0 (/home/simulations/ros2_sims_ws/install/rosidl_default_generators/share/rosidl_default_generators/cmake)
-- Found ament_cmake_ros: 0.10.0 (/opt/ros/humble/share/ament_cmake_ros/cmake)
-- Using all available rosidl_typesupport_c: rosidl_typesupport_fastrtps_c;rosidl_typesupport_introspection_c
-- Using all available rosidl_typesupport_cpp: rosidl_typesupport_fastrtps_cpp;rosidl_typesupport_introspection_cpp
-- Found PythonInterp: /usr/bin/python3 (found suitable version "3.10.6", minimum required is "3.6") 
-- Found python_cmake_module: 0.10.0 (/opt/ros/humble/share/python_cmake_module/cmake)
-- Found PythonLibs: /usr/lib/x86_64-linux-gnu/libpython3.10.so (found suitable version "3.10.6", minimum required is "3.5") 
-- Using PYTHON_EXECUTABLE: /usr/bin/python3
-- Using PYTHON_INCLUDE_DIRS: /usr/include/python3.10
-- Using PYTHON_LIBRARIES: /usr/lib/x86_64-linux-gnu/libpython3.10.so
-- Found PythonExtra: .so  
-- Found ament_lint_auto: 0.12.6 (/opt/ros/humble/share/ament_lint_auto/cmake)
-- Added test 'cppcheck' to perform static code analysis on C / C++ code
-- Configured cppcheck include dirs: $<BUILD_INTERFACE:/home/user/ros2_ws/src/citylab_project/build/robot_patrol/rosidl_generator_c>;$<BUILD_INTERFACE:/home/user/ros2_ws/src/citylab_project/build/robot_patrol/rosidl_typesupport_fastrtps_c>;$<BUILD_INTERFACE:/home/user/ros2_ws/src/citylab_project/build/robot_patrol/rosidl_generator_cpp>;$<BUILD_INTERFACE:/home/user/ros2_ws/src/citylab_project/build/robot_patrol/rosidl_typesupport_fastrtps_cpp>;$<BUILD_INTERFACE:/home/user/ros2_ws/src/citylab_project/build/robot_patrol/rosidl_typesupport_introspection_c>;$<BUILD_INTERFACE:/home/user/ros2_ws/src/citylab_project/build/robot_patrol/rosidl_typesupport_introspection_cpp>;/home/user/ros2_ws/src/citylab_project/build/robot_patrol/rosidl_generator_c;/home/user/ros2_ws/src/citylab_project/build/robot_patrol/rosidl_generator_py
-- Configured cppcheck exclude dirs and/or files: 
-- Added test 'flake8' to check Python code syntax and style conventions
-- Added test 'lint_cmake' to check CMake code style
-- Added test 'pep257' to check Python code against some of the docstring style conventions in PEP 257
-- Added test 'uncrustify' to check C / C++ code style
-- Configured uncrustify additional arguments: 
-- Added test 'xmllint' to check XML markup files
-- Configuring done
-- Generating done
-- Build files have been written to: /home/user/ros2_ws/src/citylab_project/build/robot_patrol
[  2%] [34m[1mGenerating C code for ROS interfaces[0m
[  5%] [34m[1mGenerating C++ code for ROS interfaces[0m
[  7%] [34m[1mGenerating Rust code for ROS interfaces[0m
[ 10%] [32mBuilding C object CMakeFiles/robot_patrol__rosidl_generator_c.dir/rosidl_generator_c/robot_patrol/srv/detail/get_direction__functions.c.o[0m
[ 10%] Built target robot_patrol__rs
[ 10%] Built target robot_patrol__cpp
[ 12%] [32mBuilding CXX object CMakeFiles/test_service_node.dir/src/test_service.cpp.o[0m
[ 15%] [32mBuilding CXX object CMakeFiles/direction_service_node.dir/src/direction_service.cpp.o[0m
[ 17%] [32m[1mLinking C shared library librobot_patrol__rosidl_generator_c.so[0m
[ 17%] Built target robot_patrol__rosidl_generator_c
[ 20%] [34m[1mGenerating C++ introspection for ROS interfaces[0m
[ 22%] [32mBuilding CXX object CMakeFiles/robot_patrol__rosidl_typesupport_introspection_cpp.dir/rosidl_typesupport_introspection_cpp/robot_patrol/srv/detail/get_direction__type_support.cpp.o[0m
[ 25%] [32m[1mLinking CXX shared library librobot_patrol__rosidl_typesupport_introspection_cpp.so[0m
[ 25%] Built target robot_patrol__rosidl_typesupport_introspection_cpp
[ 27%] [34m[1mGenerating C++ type support for eProsima Fast-RTPS[0m
[ 30%] [34m[1mGenerating C++ type support dispatch for ROS interfaces[0m
[ 32%] [32mBuilding CXX object CMakeFiles/robot_patrol__rosidl_typesupport_cpp.dir/rosidl_typesupport_cpp/robot_patrol/srv/get_direction__type_support.cpp.o[0m
[ 35%] [34m[1mGenerating C type support for eProsima Fast-RTPS[0m
[ 37%] [32mBuilding CXX object CMakeFiles/robot_patrol__rosidl_typesupport_fastrtps_cpp.dir/rosidl_typesupport_fastrtps_cpp/robot_patrol/srv/detail/dds_fastrtps/get_direction__type_support.cpp.o[0m
[ 40%] [32m[1mLinking CXX shared library librobot_patrol__rosidl_typesupport_cpp.so[0m
[ 42%] [32mBuilding CXX object CMakeFiles/robot_patrol__rosidl_typesupport_fastrtps_c.dir/rosidl_typesupport_fastrtps_c/robot_patrol/srv/detail/get_direction__type_support_c.cpp.o[0m
[ 42%] Built target robot_patrol__rosidl_typesupport_cpp
[ 45%] [32m[1mLinking CXX shared library librobot_patrol__rosidl_typesupport_fastrtps_cpp.so[0m
[ 45%] Built target robot_patrol__rosidl_typesupport_fastrtps_cpp
[ 47%] [32m[1mLinking CXX shared library librobot_patrol__rosidl_typesupport_fastrtps_c.so[0m
[ 47%] Built target robot_patrol__rosidl_typesupport_fastrtps_c
[ 50%] [32m[1mLinking CXX executable direction_service_node[0m
[ 50%] Built target direction_service_node
[ 52%] [32m[1mLinking CXX executable test_service_node[0m
[ 52%] Built target test_service_node
[ 55%] [34m[1mGenerating C type support dispatch for ROS interfaces[0m
[ 57%] [34m[1mGenerating C introspection for ROS interfaces[0m
[ 60%] [32mBuilding CXX object CMakeFiles/robot_patrol__rosidl_typesupport_c.dir/rosidl_typesupport_c/robot_patrol/srv/get_direction__type_support.cpp.o[0m
[ 62%] [32m[1mLinking CXX shared library librobot_patrol__rosidl_typesupport_c.so[0m
[ 65%] [32mBuilding C object CMakeFiles/robot_patrol__rosidl_typesupport_introspection_c.dir/rosidl_typesupport_introspection_c/robot_patrol/srv/detail/get_direction__type_support.c.o[0m
[ 65%] Built target robot_patrol__rosidl_typesupport_c
[ 67%] [32m[1mLinking C shared library librobot_patrol__rosidl_typesupport_introspection_c.so[0m
[ 70%] [32mBuilding CXX object CMakeFiles/patrol_with_service_node.dir/src/patrol_with_service.cpp.o[0m
[ 70%] Built target robot_patrol__rosidl_typesupport_introspection_c
[ 72%] [32mBuilding CXX object CMakeFiles/patrol_node.dir/src/patrol.cpp.o[0m
[01m[K/home/user/ros2_ws/src/citylab_project/src/patrol_with_service.cpp:[m[K In lambda function:
[01m[K/home/user/ros2_ws/src/citylab_project/src/patrol_with_service.cpp:68:68:[m[K [01;35m[Kwarning: [m[Kunused parameter '[01m[Kresult[m[K' [[01;35m[K]8;;https://gcc.gnu.org/onlinedocs/gcc/Warning-Options.html#index-Wunused-parameter-Wunused-parameter]8;;[m[K]
   68 |         request, [this]([01;35m[Krclcpp::Client<GetDirection>::SharedFuture result[m[K) {});
      |                         [01;35m[K~~~~~~~~~~~~~~~~~~~~~~~~~~~~~~~~~~~~~~~~~~~^~~~~~[m[K
[ 75%] [32m[1mLinking CXX executable patrol_node[0m
[ 75%] Built target patrol_node
[ 75%] Built target robot_patrol
[ 77%] [32m[1mLinking CXX executable patrol_with_service_node[0m
[ 77%] Built target ament_cmake_python_copy_robot_patrol
[ 80%] [34m[1mGenerating Python code for ROS interfaces[0m
[ 80%] Built target patrol_with_service_node
running egg_info
creating robot_patrol.egg-info
writing robot_patrol.egg-info/PKG-INFO
writing dependency_links to robot_patrol.egg-info/dependency_links.txt
writing top-level names to robot_patrol.egg-info/top_level.txt
writing manifest file 'robot_patrol.egg-info/SOURCES.txt'
reading manifest file 'robot_patrol.egg-info/SOURCES.txt'
writing manifest file 'robot_patrol.egg-info/SOURCES.txt'
[ 80%] Built target ament_cmake_python_build_robot_patrol_egg
[ 80%] Built target robot_patrol__py
[ 82%] [32mBuilding C object CMakeFiles/robot_patrol__rosidl_generator_py.dir/rosidl_generator_py/robot_patrol/srv/_get_direction_s.c.o[0m
[ 85%] [32m[1mLinking C shared library rosidl_generator_py/robot_patrol/librobot_patrol__rosidl_generator_py.so[0m
[ 85%] Built target robot_patrol__rosidl_generator_py
[ 87%] [32mBuilding C object CMakeFiles/robot_patrol__rosidl_typesupport_fastrtps_c__pyext.dir/rosidl_generator_py/robot_patrol/_robot_patrol_s.ep.rosidl_typesupport_fastrtps_c.c.o[0m
[ 90%] [32mBuilding C object CMakeFiles/robot_patrol__rosidl_typesupport_c__pyext.dir/rosidl_generator_py/robot_patrol/_robot_patrol_s.ep.rosidl_typesupport_c.c.o[0m
[ 92%] [32mBuilding C object CMakeFiles/robot_patrol__rosidl_typesupport_introspection_c__pyext.dir/rosidl_generator_py/robot_patrol/_robot_patrol_s.ep.rosidl_typesupport_introspection_c.c.o[0m
[ 95%] [32m[1mLinking C shared library rosidl_generator_py/robot_patrol/robot_patrol_s__rosidl_typesupport_fastrtps_c.cpython-310-x86_64-linux-gnu.so[0m
[ 97%] [32m[1mLinking C shared library rosidl_generator_py/robot_patrol/robot_patrol_s__rosidl_typesupport_c.cpython-310-x86_64-linux-gnu.so[0m
[100%] [32m[1mLinking C shared library rosidl_generator_py/robot_patrol/robot_patrol_s__rosidl_typesupport_introspection_c.cpython-310-x86_64-linux-gnu.so[0m
[100%] Built target robot_patrol__rosidl_typesupport_c__pyext
[100%] Built target robot_patrol__rosidl_typesupport_fastrtps_c__pyext
[100%] Built target robot_patrol__rosidl_typesupport_introspection_c__pyext
-- Install configuration: ""
-- Installing: /home/user/ros2_ws/src/citylab_project/install/robot_patrol/share/ament_index/resource_index/rosidl_interfaces/robot_patrol
-- Installing: /home/user/ros2_ws/src/citylab_project/install/robot_patrol/include/robot_patrol/robot_patrol
-- Installing: /home/user/ros2_ws/src/citylab_project/install/robot_patrol/include/robot_patrol/robot_patrol/srv
-- Installing: /home/user/ros2_ws/src/citylab_project/install/robot_patrol/include/robot_patrol/robot_patrol/srv/detail
-- Installing: /home/user/ros2_ws/src/citylab_project/install/robot_patrol/include/robot_patrol/robot_patrol/srv/detail/get_direction__functions.h
-- Installing: /home/user/ros2_ws/src/citylab_project/install/robot_patrol/include/robot_patrol/robot_patrol/srv/detail/get_direction__functions.c
-- Installing: /home/user/ros2_ws/src/citylab_project/install/robot_patrol/include/robot_patrol/robot_patrol/srv/detail/get_direction__struct.h
-- Installing: /home/user/ros2_ws/src/citylab_project/install/robot_patrol/include/robot_patrol/robot_patrol/srv/detail/get_direction__type_support.h
-- Installing: /home/user/ros2_ws/src/citylab_project/install/robot_patrol/include/robot_patrol/robot_patrol/srv/get_direction.h
-- Installing: /home/user/ros2_ws/src/citylab_project/install/robot_patrol/include/robot_patrol/robot_patrol/msg
-- Installing: /home/user/ros2_ws/src/citylab_project/install/robot_patrol/include/robot_patrol/robot_patrol/msg/rosidl_generator_c__visibility_control.h
-- Installing: /home/user/ros2_ws/src/citylab_project/install/robot_patrol/share/robot_patrol/environment/library_path.sh
-- Installing: /home/user/ros2_ws/src/citylab_project/install/robot_patrol/share/robot_patrol/environment/library_path.dsv
-- Installing: /home/user/ros2_ws/src/citylab_project/install/robot_patrol/lib/librobot_patrol__rosidl_generator_c.so
-- Set runtime path of "/home/user/ros2_ws/src/citylab_project/install/robot_patrol/lib/librobot_patrol__rosidl_generator_c.so" to ""
-- Up-to-date: /home/user/ros2_ws/src/citylab_project/install/robot_patrol/include/robot_patrol/robot_patrol
-- Up-to-date: /home/user/ros2_ws/src/citylab_project/install/robot_patrol/include/robot_patrol/robot_patrol/srv
-- Up-to-date: /home/user/ros2_ws/src/citylab_project/install/robot_patrol/include/robot_patrol/robot_patrol/srv/detail
-- Installing: /home/user/ros2_ws/src/citylab_project/install/robot_patrol/include/robot_patrol/robot_patrol/srv/detail/get_direction__rosidl_typesupport_fastrtps_c.h
-- Up-to-date: /home/user/ros2_ws/src/citylab_project/install/robot_patrol/include/robot_patrol/robot_patrol/msg
-- Installing: /home/user/ros2_ws/src/citylab_project/install/robot_patrol/include/robot_patrol/robot_patrol/msg/rosidl_typesupport_fastrtps_c__visibility_control.h
-- Installing: /home/user/ros2_ws/src/citylab_project/install/robot_patrol/lib/librobot_patrol__rosidl_typesupport_fastrtps_c.so
-- Set runtime path of "/home/user/ros2_ws/src/citylab_project/install/robot_patrol/lib/librobot_patrol__rosidl_typesupport_fastrtps_c.so" to ""
-- Up-to-date: /home/user/ros2_ws/src/citylab_project/install/robot_patrol/include/robot_patrol/robot_patrol
-- Up-to-date: /home/user/ros2_ws/src/citylab_project/install/robot_patrol/include/robot_patrol/robot_patrol/srv
-- Up-to-date: /home/user/ros2_ws/src/citylab_project/install/robot_patrol/include/robot_patrol/robot_patrol/srv/detail
-- Installing: /home/user/ros2_ws/src/citylab_project/install/robot_patrol/include/robot_patrol/robot_patrol/srv/detail/get_direction__traits.hpp
-- Installing: /home/user/ros2_ws/src/citylab_project/install/robot_patrol/include/robot_patrol/robot_patrol/srv/detail/get_direction__builder.hpp
-- Installing: /home/user/ros2_ws/src/citylab_project/install/robot_patrol/include/robot_patrol/robot_patrol/srv/detail/get_direction__struct.hpp
-- Installing: /home/user/ros2_ws/src/citylab_project/install/robot_patrol/include/robot_patrol/robot_patrol/srv/get_direction.hpp
-- Up-to-date: /home/user/ros2_ws/src/citylab_project/install/robot_patrol/include/robot_patrol/robot_patrol
-- Up-to-date: /home/user/ros2_ws/src/citylab_project/install/robot_patrol/include/robot_patrol/robot_patrol/srv
-- Up-to-date: /home/user/ros2_ws/src/citylab_project/install/robot_patrol/include/robot_patrol/robot_patrol/srv/detail
-- Installing: /home/user/ros2_ws/src/citylab_project/install/robot_patrol/include/robot_patrol/robot_patrol/srv/detail/get_direction__rosidl_typesupport_fastrtps_cpp.hpp
-- Installing: /home/user/ros2_ws/src/citylab_project/install/robot_patrol/include/robot_patrol/robot_patrol/srv/detail/dds_fastrtps
-- Up-to-date: /home/user/ros2_ws/src/citylab_project/install/robot_patrol/include/robot_patrol/robot_patrol/msg
-- Installing: /home/user/ros2_ws/src/citylab_project/install/robot_patrol/include/robot_patrol/robot_patrol/msg/rosidl_typesupport_fastrtps_cpp__visibility_control.h
-- Installing: /home/user/ros2_ws/src/citylab_project/install/robot_patrol/lib/librobot_patrol__rosidl_typesupport_fastrtps_cpp.so
-- Set runtime path of "/home/user/ros2_ws/src/citylab_project/install/robot_patrol/lib/librobot_patrol__rosidl_typesupport_fastrtps_cpp.so" to ""
-- Up-to-date: /home/user/ros2_ws/src/citylab_project/install/robot_patrol/include/robot_patrol/robot_patrol
-- Up-to-date: /home/user/ros2_ws/src/citylab_project/install/robot_patrol/include/robot_patrol/robot_patrol/srv
-- Up-to-date: /home/user/ros2_ws/src/citylab_project/install/robot_patrol/include/robot_patrol/robot_patrol/srv/detail
-- Installing: /home/user/ros2_ws/src/citylab_project/install/robot_patrol/include/robot_patrol/robot_patrol/srv/detail/get_direction__type_support.c
-- Installing: /home/user/ros2_ws/src/citylab_project/install/robot_patrol/include/robot_patrol/robot_patrol/srv/detail/get_direction__rosidl_typesupport_introspection_c.h
-- Up-to-date: /home/user/ros2_ws/src/citylab_project/install/robot_patrol/include/robot_patrol/robot_patrol/msg
-- Installing: /home/user/ros2_ws/src/citylab_project/install/robot_patrol/include/robot_patrol/robot_patrol/msg/rosidl_typesupport_introspection_c__visibility_control.h
-- Installing: /home/user/ros2_ws/src/citylab_project/install/robot_patrol/lib/librobot_patrol__rosidl_typesupport_introspection_c.so
-- Set runtime path of "/home/user/ros2_ws/src/citylab_project/install/robot_patrol/lib/librobot_patrol__rosidl_typesupport_introspection_c.so" to ""
-- Installing: /home/user/ros2_ws/src/citylab_project/install/robot_patrol/lib/librobot_patrol__rosidl_typesupport_c.so
-- Set runtime path of "/home/user/ros2_ws/src/citylab_project/install/robot_patrol/lib/librobot_patrol__rosidl_typesupport_c.so" to ""
-- Up-to-date: /home/user/ros2_ws/src/citylab_project/install/robot_patrol/include/robot_patrol/robot_patrol
-- Up-to-date: /home/user/ros2_ws/src/citylab_project/install/robot_patrol/include/robot_patrol/robot_patrol/srv
-- Up-to-date: /home/user/ros2_ws/src/citylab_project/install/robot_patrol/include/robot_patrol/robot_patrol/srv/detail
-- Installing: /home/user/ros2_ws/src/citylab_project/install/robot_patrol/include/robot_patrol/robot_patrol/srv/detail/get_direction__type_support.cpp
-- Installing: /home/user/ros2_ws/src/citylab_project/install/robot_patrol/include/robot_patrol/robot_patrol/srv/detail/get_direction__rosidl_typesupport_introspection_cpp.hpp
-- Installing: /home/user/ros2_ws/src/citylab_project/install/robot_patrol/lib/librobot_patrol__rosidl_typesupport_introspection_cpp.so
-- Set runtime path of "/home/user/ros2_ws/src/citylab_project/install/robot_patrol/lib/librobot_patrol__rosidl_typesupport_introspection_cpp.so" to ""
-- Installing: /home/user/ros2_ws/src/citylab_project/install/robot_patrol/lib/librobot_patrol__rosidl_typesupport_cpp.so
-- Set runtime path of "/home/user/ros2_ws/src/citylab_project/install/robot_patrol/lib/librobot_patrol__rosidl_typesupport_cpp.so" to ""
-- Installing: /home/user/ros2_ws/src/citylab_project/install/robot_patrol/share/ament_index/resource_index/rust_packages/robot_patrol
-- Installing: /home/user/ros2_ws/src/citylab_project/install/robot_patrol/share/robot_patrol/rust
-- Installing: /home/user/ros2_ws/src/citylab_project/install/robot_patrol/share/robot_patrol/rust/Cargo.toml
-- Installing: /home/user/ros2_ws/src/citylab_project/install/robot_patrol/share/robot_patrol/rust/src
-- Installing: /home/user/ros2_ws/src/citylab_project/install/robot_patrol/share/robot_patrol/rust/src/srv.rs
-- Installing: /home/user/ros2_ws/src/citylab_project/install/robot_patrol/share/robot_patrol/rust/src/lib.rs
-- Installing: /home/user/ros2_ws/src/citylab_project/install/robot_patrol/share/robot_patrol/rust/build.rs
-- Up-to-date: /home/user/ros2_ws/src/citylab_project/install/robot_patrol/share/robot_patrol/rust
-- Up-to-date: /home/user/ros2_ws/src/citylab_project/install/robot_patrol/share/robot_patrol/rust/Cargo.toml
-- Up-to-date: /home/user/ros2_ws/src/citylab_project/install/robot_patrol/share/robot_patrol/rust/src
-- Up-to-date: /home/user/ros2_ws/src/citylab_project/install/robot_patrol/share/robot_patrol/rust/src/srv.rs
-- Up-to-date: /home/user/ros2_ws/src/citylab_project/install/robot_patrol/share/robot_patrol/rust/src/lib.rs
-- Up-to-date: /home/user/ros2_ws/src/citylab_project/install/robot_patrol/share/robot_patrol/rust/build.rs
-- Up-to-date: /home/user/ros2_ws/src/citylab_project/install/robot_patrol/share/robot_patrol/rust
-- Up-to-date: /home/user/ros2_ws/src/citylab_project/install/robot_patrol/share/robot_patrol/rust/Cargo.toml
-- Up-to-date: /home/user/ros2_ws/src/citylab_project/install/robot_patrol/share/robot_patrol/rust/src
-- Up-to-date: /home/user/ros2_ws/src/citylab_project/install/robot_patrol/share/robot_patrol/rust/src/srv.rs
-- Up-to-date: /home/user/ros2_ws/src/citylab_project/install/robot_patrol/share/robot_patrol/rust/src/lib.rs
-- Up-to-date: /home/user/ros2_ws/src/citylab_project/install/robot_patrol/share/robot_patrol/rust/build.rs
-- Installing: /home/user/ros2_ws/src/citylab_project/install/robot_patrol/share/robot_patrol/environment/pythonpath.sh
-- Installing: /home/user/ros2_ws/src/citylab_project/install/robot_patrol/share/robot_patrol/environment/pythonpath.dsv
-- Installing: /home/user/ros2_ws/src/citylab_project/install/robot_patrol/local/lib/python3.10/dist-packages/robot_patrol-0.0.0-py3.10.egg-info
-- Installing: /home/user/ros2_ws/src/citylab_project/install/robot_patrol/local/lib/python3.10/dist-packages/robot_patrol-0.0.0-py3.10.egg-info/PKG-INFO
-- Installing: /home/user/ros2_ws/src/citylab_project/install/robot_patrol/local/lib/python3.10/dist-packages/robot_patrol-0.0.0-py3.10.egg-info/top_level.txt
-- Installing: /home/user/ros2_ws/src/citylab_project/install/robot_patrol/local/lib/python3.10/dist-packages/robot_patrol-0.0.0-py3.10.egg-info/SOURCES.txt
-- Installing: /home/user/ros2_ws/src/citylab_project/install/robot_patrol/local/lib/python3.10/dist-packages/robot_patrol-0.0.0-py3.10.egg-info/dependency_links.txt
-- Installing: /home/user/ros2_ws/src/citylab_project/install/robot_patrol/local/lib/python3.10/dist-packages/robot_patrol
-- Installing: /home/user/ros2_ws/src/citylab_project/install/robot_patrol/local/lib/python3.10/dist-packages/robot_patrol/srv
-- Installing: /home/user/ros2_ws/src/citylab_project/install/robot_patrol/local/lib/python3.10/dist-packages/robot_patrol/srv/_get_direction.py
-- Installing: /home/user/ros2_ws/src/citylab_project/install/robot_patrol/local/lib/python3.10/dist-packages/robot_patrol/srv/__init__.py
-- Installing: /home/user/ros2_ws/src/citylab_project/install/robot_patrol/local/lib/python3.10/dist-packages/robot_patrol/srv/_get_direction_s.c
-- Installing: /home/user/ros2_ws/src/citylab_project/install/robot_patrol/local/lib/python3.10/dist-packages/robot_patrol/_robot_patrol_s.ep.rosidl_typesupport_c.c
-- Installing: /home/user/ros2_ws/src/citylab_project/install/robot_patrol/local/lib/python3.10/dist-packages/robot_patrol/_robot_patrol_s.ep.rosidl_typesupport_introspection_c.c
-- Installing: /home/user/ros2_ws/src/citylab_project/install/robot_patrol/local/lib/python3.10/dist-packages/robot_patrol/librobot_patrol__rosidl_generator_py.so
-- Installing: /home/user/ros2_ws/src/citylab_project/install/robot_patrol/local/lib/python3.10/dist-packages/robot_patrol/__init__.py
-- Installing: /home/user/ros2_ws/src/citylab_project/install/robot_patrol/local/lib/python3.10/dist-packages/robot_patrol/robot_patrol_s__rosidl_typesupport_c.cpython-310-x86_64-linux-gnu.so
-- Installing: /home/user/ros2_ws/src/citylab_project/install/robot_patrol/local/lib/python3.10/dist-packages/robot_patrol/robot_patrol_s__rosidl_typesupport_introspection_c.cpython-310-x86_64-linux-gnu.so
-- Installing: /home/user/ros2_ws/src/citylab_project/install/robot_patrol/local/lib/python3.10/dist-packages/robot_patrol/_robot_patrol_s.ep.rosidl_typesupport_fastrtps_c.c
-- Installing: /home/user/ros2_ws/src/citylab_project/install/robot_patrol/local/lib/python3.10/dist-packages/robot_patrol/robot_patrol_s__rosidl_typesupport_fastrtps_c.cpython-310-x86_64-linux-gnu.so
Listing '/home/user/ros2_ws/src/citylab_project/install/robot_patrol/local/lib/python3.10/dist-packages/robot_patrol'...
Compiling '/home/user/ros2_ws/src/citylab_project/install/robot_patrol/local/lib/python3.10/dist-packages/robot_patrol/__init__.py'...
Listing '/home/user/ros2_ws/src/citylab_project/install/robot_patrol/local/lib/python3.10/dist-packages/robot_patrol/srv'...
Compiling '/home/user/ros2_ws/src/citylab_project/install/robot_patrol/local/lib/python3.10/dist-packages/robot_patrol/srv/__init__.py'...
Compiling '/home/user/ros2_ws/src/citylab_project/install/robot_patrol/local/lib/python3.10/dist-packages/robot_patrol/srv/_get_direction.py'...
-- Installing: /home/user/ros2_ws/src/citylab_project/install/robot_patrol/local/lib/python3.10/dist-packages/robot_patrol/robot_patrol_s__rosidl_typesupport_fastrtps_c.cpython-310-x86_64-linux-gnu.so
-- Set runtime path of "/home/user/ros2_ws/src/citylab_project/install/robot_patrol/local/lib/python3.10/dist-packages/robot_patrol/robot_patrol_s__rosidl_typesupport_fastrtps_c.cpython-310-x86_64-linux-gnu.so" to ""
-- Installing: /home/user/ros2_ws/src/citylab_project/install/robot_patrol/local/lib/python3.10/dist-packages/robot_patrol/robot_patrol_s__rosidl_typesupport_introspection_c.cpython-310-x86_64-linux-gnu.so
-- Set runtime path of "/home/user/ros2_ws/src/citylab_project/install/robot_patrol/local/lib/python3.10/dist-packages/robot_patrol/robot_patrol_s__rosidl_typesupport_introspection_c.cpython-310-x86_64-linux-gnu.so" to ""
-- Installing: /home/user/ros2_ws/src/citylab_project/install/robot_patrol/local/lib/python3.10/dist-packages/robot_patrol/robot_patrol_s__rosidl_typesupport_c.cpython-310-x86_64-linux-gnu.so
-- Set runtime path of "/home/user/ros2_ws/src/citylab_project/install/robot_patrol/local/lib/python3.10/dist-packages/robot_patrol/robot_patrol_s__rosidl_typesupport_c.cpython-310-x86_64-linux-gnu.so" to ""
-- Installing: /home/user/ros2_ws/src/citylab_project/install/robot_patrol/lib/librobot_patrol__rosidl_generator_py.so
-- Set runtime path of "/home/user/ros2_ws/src/citylab_project/install/robot_patrol/lib/librobot_patrol__rosidl_generator_py.so" to ""
-- Installing: /home/user/ros2_ws/src/citylab_project/install/robot_patrol/share/robot_patrol/srv/GetDirection.idl
-- Installing: /home/user/ros2_ws/src/citylab_project/install/robot_patrol/share/robot_patrol/srv/GetDirection.srv
-- Installing: /home/user/ros2_ws/src/citylab_project/install/robot_patrol/share/robot_patrol/srv/GetDirection_Request.msg
-- Installing: /home/user/ros2_ws/src/citylab_project/install/robot_patrol/share/robot_patrol/srv/GetDirection_Response.msg
-- Installing: /home/user/ros2_ws/src/citylab_project/install/robot_patrol/lib/robot_patrol/patrol_node
-- Set runtime path of "/home/user/ros2_ws/src/citylab_project/install/robot_patrol/lib/robot_patrol/patrol_node" to ""
-- Installing: /home/user/ros2_ws/src/citylab_project/install/robot_patrol/lib/robot_patrol/patrol_with_service_node
-- Set runtime path of "/home/user/ros2_ws/src/citylab_project/install/robot_patrol/lib/robot_patrol/patrol_with_service_node" to ""
-- Installing: /home/user/ros2_ws/src/citylab_project/install/robot_patrol/lib/robot_patrol/direction_service_node
-- Set runtime path of "/home/user/ros2_ws/src/citylab_project/install/robot_patrol/lib/robot_patrol/direction_service_node" to ""
-- Installing: /home/user/ros2_ws/src/citylab_project/install/robot_patrol/lib/robot_patrol/test_service_node
-- Set runtime path of "/home/user/ros2_ws/src/citylab_project/install/robot_patrol/lib/robot_patrol/test_service_node" to ""
-- Installing: /home/user/ros2_ws/src/citylab_project/install/robot_patrol/share/robot_patrol/launch
-- Installing: /home/user/ros2_ws/src/citylab_project/install/robot_patrol/share/robot_patrol/launch/main.launch.py
-- Installing: /home/user/ros2_ws/src/citylab_project/install/robot_patrol/share/robot_patrol/launch/start_direction_service.launch.py
-- Installing: /home/user/ros2_ws/src/citylab_project/install/robot_patrol/share/robot_patrol/launch/start_test_service.launch.py
-- Installing: /home/user/ros2_ws/src/citylab_project/install/robot_patrol/share/robot_patrol/launch/start_patrolling.launch.py
-- Installing: /home/user/ros2_ws/src/citylab_project/install/robot_patrol/share/robot_patrol/rviz
-- Installing: /home/user/ros2_ws/src/citylab_project/install/robot_patrol/share/robot_patrol/rviz/config.rviz
-- Up-to-date: /home/user/ros2_ws/src/citylab_project/install/robot_patrol/share/robot_patrol/srv
-- Up-to-date: /home/user/ros2_ws/src/citylab_project/install/robot_patrol/share/robot_patrol/srv/GetDirection.srv
-- Installing: /home/user/ros2_ws/src/citylab_project/install/robot_patrol/share/ament_index/resource_index/package_run_dependencies/robot_patrol
-- Installing: /home/user/ros2_ws/src/citylab_project/install/robot_patrol/share/ament_index/resource_index/parent_prefix_path/robot_patrol
-- Installing: /home/user/ros2_ws/src/citylab_project/install/robot_patrol/share/robot_patrol/environment/ament_prefix_path.sh
-- Installing: /home/user/ros2_ws/src/citylab_project/install/robot_patrol/share/robot_patrol/environment/ament_prefix_path.dsv
-- Installing: /home/user/ros2_ws/src/citylab_project/install/robot_patrol/share/robot_patrol/environment/path.sh
-- Installing: /home/user/ros2_ws/src/citylab_project/install/robot_patrol/share/robot_patrol/environment/path.dsv
-- Installing: /home/user/ros2_ws/src/citylab_project/install/robot_patrol/share/robot_patrol/local_setup.bash
-- Installing: /home/user/ros2_ws/src/citylab_project/install/robot_patrol/share/robot_patrol/local_setup.sh
-- Installing: /home/user/ros2_ws/src/citylab_project/install/robot_patrol/share/robot_patrol/local_setup.zsh
-- Installing: /home/user/ros2_ws/src/citylab_project/install/robot_patrol/share/robot_patrol/local_setup.dsv
-- Installing: /home/user/ros2_ws/src/citylab_project/install/robot_patrol/share/robot_patrol/package.dsv
-- Installing: /home/user/ros2_ws/src/citylab_project/install/robot_patrol/share/ament_index/resource_index/packages/robot_patrol
-- Installing: /home/user/ros2_ws/src/citylab_project/install/robot_patrol/share/robot_patrol/cmake/export_robot_patrol__rosidl_generator_cExport.cmake
-- Installing: /home/user/ros2_ws/src/citylab_project/install/robot_patrol/share/robot_patrol/cmake/export_robot_patrol__rosidl_generator_cExport-noconfig.cmake
-- Installing: /home/user/ros2_ws/src/citylab_project/install/robot_patrol/share/robot_patrol/cmake/export_robot_patrol__rosidl_typesupport_fastrtps_cExport.cmake
-- Installing: /home/user/ros2_ws/src/citylab_project/install/robot_patrol/share/robot_patrol/cmake/export_robot_patrol__rosidl_typesupport_fastrtps_cExport-noconfig.cmake
-- Installing: /home/user/ros2_ws/src/citylab_project/install/robot_patrol/share/robot_patrol/cmake/export_robot_patrol__rosidl_generator_cppExport.cmake
-- Installing: /home/user/ros2_ws/src/citylab_project/install/robot_patrol/share/robot_patrol/cmake/export_robot_patrol__rosidl_typesupport_fastrtps_cppExport.cmake
-- Installing: /home/user/ros2_ws/src/citylab_project/install/robot_patrol/share/robot_patrol/cmake/export_robot_patrol__rosidl_typesupport_fastrtps_cppExport-noconfig.cmake
-- Installing: /home/user/ros2_ws/src/citylab_project/install/robot_patrol/share/robot_patrol/cmake/robot_patrol__rosidl_typesupport_introspection_cExport.cmake
-- Installing: /home/user/ros2_ws/src/citylab_project/install/robot_patrol/share/robot_patrol/cmake/robot_patrol__rosidl_typesupport_introspection_cExport-noconfig.cmake
-- Installing: /home/user/ros2_ws/src/citylab_project/install/robot_patrol/share/robot_patrol/cmake/robot_patrol__rosidl_typesupport_cExport.cmake
-- Installing: /home/user/ros2_ws/src/citylab_project/install/robot_patrol/share/robot_patrol/cmake/robot_patrol__rosidl_typesupport_cExport-noconfig.cmake
-- Installing: /home/user/ros2_ws/src/citylab_project/install/robot_patrol/share/robot_patrol/cmake/robot_patrol__rosidl_typesupport_introspection_cppExport.cmake
-- Installing: /home/user/ros2_ws/src/citylab_project/install/robot_patrol/share/robot_patrol/cmake/robot_patrol__rosidl_typesupport_introspection_cppExport-noconfig.cmake
-- Installing: /home/user/ros2_ws/src/citylab_project/install/robot_patrol/share/robot_patrol/cmake/robot_patrol__rosidl_typesupport_cppExport.cmake
-- Installing: /home/user/ros2_ws/src/citylab_project/install/robot_patrol/share/robot_patrol/cmake/robot_patrol__rosidl_typesupport_cppExport-noconfig.cmake
-- Installing: /home/user/ros2_ws/src/citylab_project/install/robot_patrol/share/robot_patrol/cmake/export_robot_patrol__rosidl_generator_pyExport.cmake
-- Installing: /home/user/ros2_ws/src/citylab_project/install/robot_patrol/share/robot_patrol/cmake/export_robot_patrol__rosidl_generator_pyExport-noconfig.cmake
-- Installing: /home/user/ros2_ws/src/citylab_project/install/robot_patrol/share/robot_patrol/cmake/rosidl_cmake-extras.cmake
-- Installing: /home/user/ros2_ws/src/citylab_project/install/robot_patrol/share/robot_patrol/cmake/ament_cmake_export_dependencies-extras.cmake
-- Installing: /home/user/ros2_ws/src/citylab_project/install/robot_patrol/share/robot_patrol/cmake/ament_cmake_export_include_directories-extras.cmake
-- Installing: /home/user/ros2_ws/src/citylab_project/install/robot_patrol/share/robot_patrol/cmake/ament_cmake_export_libraries-extras.cmake
-- Installing: /home/user/ros2_ws/src/citylab_project/install/robot_patrol/share/robot_patrol/cmake/ament_cmake_export_targets-extras.cmake
-- Installing: /home/user/ros2_ws/src/citylab_project/install/robot_patrol/share/robot_patrol/cmake/rosidl_cmake_export_typesupport_targets-extras.cmake
-- Installing: /home/user/ros2_ws/src/citylab_project/install/robot_patrol/share/robot_patrol/cmake/rosidl_cmake_export_typesupport_libraries-extras.cmake
-- Installing: /home/user/ros2_ws/src/citylab_project/install/robot_patrol/share/robot_patrol/cmake/robot_patrolConfig.cmake
-- Installing: /home/user/ros2_ws/src/citylab_project/install/robot_patrol/share/robot_patrol/cmake/robot_patrolConfig-version.cmake
-- Installing: /home/user/ros2_ws/src/citylab_project/install/robot_patrol/share/robot_patrol/package.xml
