[35m[1mConsolidate compiler generated dependencies of target patrol_node[0m
[ 50%] [32mBuilding CXX object CMakeFiles/patrol_node.dir/src/patrol.cpp.o[0m
[100%] [32m[1mLinking CXX executable patrol_node[0m
[100%] Built target patrol_node
-- Install configuration: ""
-- Installing: /home/user/ros2_ws/src/robot_patrol/install/robot_patrol/lib/robot_patrol/patrol_node
-- Set runtime path of "/home/user/ros2_ws/src/robot_patrol/install/robot_patrol/lib/robot_patrol/patrol_node" to ""
-- Installing: /home/user/ros2_ws/src/robot_patrol/install/robot_patrol/share/robot_patrol/launch
-- Installing: /home/user/ros2_ws/src/robot_patrol/install/robot_patrol/share/robot_patrol/launch/start_patrolling.launch.py
-- Installing: /home/user/ros2_ws/src/robot_patrol/install/robot_patrol/share/robot_patrol/rviz
-- Installing: /home/user/ros2_ws/src/robot_patrol/install/robot_patrol/share/robot_patrol/rviz/rviz_config.rviz
-- Installing: /home/user/ros2_ws/src/robot_patrol/install/robot_patrol/share/ament_index/resource_index/package_run_dependencies/robot_patrol
-- Installing: /home/user/ros2_ws/src/robot_patrol/install/robot_patrol/share/ament_index/resource_index/parent_prefix_path/robot_patrol
-- Installing: /home/user/ros2_ws/src/robot_patrol/install/robot_patrol/share/robot_patrol/environment/ament_prefix_path.sh
-- Installing: /home/user/ros2_ws/src/robot_patrol/install/robot_patrol/share/robot_patrol/environment/ament_prefix_path.dsv
-- Installing: /home/user/ros2_ws/src/robot_patrol/install/robot_patrol/share/robot_patrol/environment/path.sh
-- Installing: /home/user/ros2_ws/src/robot_patrol/install/robot_patrol/share/robot_patrol/environment/path.dsv
-- Installing: /home/user/ros2_ws/src/robot_patrol/install/robot_patrol/share/robot_patrol/local_setup.bash
-- Installing: /home/user/ros2_ws/src/robot_patrol/install/robot_patrol/share/robot_patrol/local_setup.sh
-- Installing: /home/user/ros2_ws/src/robot_patrol/install/robot_patrol/share/robot_patrol/local_setup.zsh
-- Installing: /home/user/ros2_ws/src/robot_patrol/install/robot_patrol/share/robot_patrol/local_setup.dsv
-- Installing: /home/user/ros2_ws/src/robot_patrol/install/robot_patrol/share/robot_patrol/package.dsv
-- Installing: /home/user/ros2_ws/src/robot_patrol/install/robot_patrol/share/ament_index/resource_index/packages/robot_patrol
-- Installing: /home/user/ros2_ws/src/robot_patrol/install/robot_patrol/share/robot_patrol/cmake/robot_patrolConfig.cmake
-- Installing: /home/user/ros2_ws/src/robot_patrol/install/robot_patrol/share/robot_patrol/cmake/robot_patrolConfig-version.cmake
-- Installing: /home/user/ros2_ws/src/robot_patrol/install/robot_patrol/share/robot_patrol/package.xml
